[INFO ] 2022-04-24 00:40:07.439 [main] Commander - Server is prepared.
[INFO ] 2022-04-24 00:40:07.892 [Thread-0] Commander - Collection has been sorted.
[INFO ] 2022-04-24 00:40:19.224 [Thread-0] Commander - An object received from the user.
[INFO ] 2022-04-24 00:40:19.271 [Thread-0] Commander - A response was sent to the user.
[ERROR] 2022-04-24 00:40:19.271 [Thread-0] Commander - Error during command execution: logIn
[INFO ] 2022-04-24 00:40:19.271 [Thread-0] Commander - Collection has been sorted.
[INFO ] 2022-04-24 00:40:25.844 [Thread-0] Commander - An object received from the user.
[INFO ] 2022-04-24 00:40:25.890 [Thread-0] Commander - New route received. Name of received object: test
[INFO ] 2022-04-24 00:40:26.086 [Thread-0] Commander - A response was sent to the user.
[INFO ] 2022-04-24 00:40:26.087 [Thread-0] Commander - Route test has been added.
[INFO ] 2022-04-24 00:40:26.087 [Thread-0] Commander - Command "add" has been executed.
[INFO ] 2022-04-24 00:40:26.087 [Thread-0] Commander - Collection has been sorted.
[INFO ] 2022-04-24 00:40:26.115 [Thread-0] Commander - An object received from the user.
[INFO ] 2022-04-24 00:40:26.263 [Thread-0] Commander - A response was sent to the user.
[ERROR] 2022-04-24 00:40:26.263 [Thread-0] Commander - Error during command execution: 
[INFO ] 2022-04-24 00:40:26.263 [Thread-0] Commander - Collection has been sorted.
[INFO ] 2022-04-24 00:40:29.317 [Thread-0] Commander - An object received from the user.
[INFO ] 2022-04-24 00:40:29.348 [Thread-0] Commander - A response was sent to the user.
[INFO ] 2022-04-24 00:40:29.348 [Thread-0] Commander - Command "show" has been executed.
[INFO ] 2022-04-24 00:40:29.348 [Thread-0] Commander - Collection has been sorted.
[INFO ] 2022-04-24 00:43:08.287 [main] Commander - Server is prepared.
[INFO ] 2022-04-24 00:43:08.694 [Thread-0] Commander - Collection has been sorted.
[INFO ] 2022-04-24 00:43:12.182 [Thread-0] Commander - An object received from the user.
[INFO ] 2022-04-24 00:43:12.234 [Thread-0] Commander - A response was sent to the user.
[WARN ] 2022-04-24 00:43:12.234 [Thread-0] Commander - Collection is empty.
[INFO ] 2022-04-24 00:43:12.234 [Thread-0] Commander - Command "show" has been executed.
[INFO ] 2022-04-24 00:43:12.234 [Thread-0] Commander - Collection has been sorted.
[INFO ] 2022-04-24 00:43:17.707 [Thread-0] Commander - An object received from the user.
[INFO ] 2022-04-24 00:43:17.771 [Thread-0] Commander - New route received. Name of received object: test
[INFO ] 2022-04-24 00:43:17.982 [Thread-0] Commander - A response was sent to the user.
[INFO ] 2022-04-24 00:43:17.982 [Thread-0] Commander - Route test has been added.
[INFO ] 2022-04-24 00:43:17.982 [Thread-0] Commander - Command "add" has been executed.
[INFO ] 2022-04-24 00:43:17.982 [Thread-0] Commander - Collection has been sorted.
[INFO ] 2022-04-24 00:43:19.347 [Thread-0] Commander - An object received from the user.
[INFO ] 2022-04-24 00:43:19.918 [Thread-0] Commander - A response was sent to the user.
[INFO ] 2022-04-24 00:43:19.918 [Thread-0] Commander - Command "show" has been executed.
[INFO ] 2022-04-24 00:43:19.918 [Thread-0] Commander - Collection has been sorted.
[INFO ] 2022-04-24 00:57:33.436 [main] Commander - Server is prepared.
[INFO ] 2022-04-24 00:57:34.943 [Thread-0] Commander - Collection has been sorted.
[INFO ] 2022-04-24 00:57:37.765 [Thread-0] Commander - An object received from the user.
[INFO ] 2022-04-24 00:57:37.781 [Thread-0] Commander - Collection has been sorted.
[INFO ] 2022-04-24 00:59:43.250 [main] Commander - Server is prepared.
[INFO ] 2022-04-24 00:59:43.656 [Thread-0] Commander - Collection has been sorted.
[INFO ] 2022-04-24 00:59:47.158 [Thread-0] Commander - An object received from the user.
[INFO ] 2022-04-24 00:59:47.205 [Thread-0] Commander - A response was sent to the user.
[ERROR] 2022-04-24 00:59:47.205 [Thread-0] Commander - Error during command execution: logIn
[INFO ] 2022-04-24 00:59:47.205 [Thread-0] Commander - Collection has been sorted.
[INFO ] 2022-04-24 00:59:53.311 [Thread-0] Commander - An object received from the user.
[INFO ] 2022-04-24 00:59:53.358 [Thread-0] Commander - New route received. Name of received object: test
[INFO ] 2022-04-24 00:59:53.452 [Thread-0] Commander - A response was sent to the user.
[INFO ] 2022-04-24 00:59:53.452 [Thread-0] Commander - Route test has been added.
[INFO ] 2022-04-24 00:59:53.452 [Thread-0] Commander - Command "add" has been executed.
[INFO ] 2022-04-24 00:59:53.452 [Thread-0] Commander - Collection has been sorted.
[INFO ] 2022-04-24 01:00:03.782 [Thread-0] Commander - An object received from the user.
[INFO ] 2022-04-24 01:00:04.079 [Thread-0] Commander - New route received. Name of received object: test2
[INFO ] 2022-04-24 01:00:04.173 [Thread-0] Commander - A response was sent to the user.
[INFO ] 2022-04-24 01:00:04.173 [Thread-0] Commander - Route test2 has been added.
[INFO ] 2022-04-24 01:00:04.173 [Thread-0] Commander - Command "add" has been executed.
[INFO ] 2022-04-24 01:00:04.173 [Thread-0] Commander - Collection has been sorted.
[INFO ] 2022-04-24 01:00:11.395 [Thread-0] Commander - An object received from the user.
[INFO ] 2022-04-24 01:00:11.426 [Thread-0] Commander - New route received. Name of received object: test
[INFO ] 2022-04-24 01:00:11.536 [Thread-0] Commander - A response was sent to the user.
[INFO ] 2022-04-24 01:00:11.536 [Thread-0] Commander - Route test has been added.
[INFO ] 2022-04-24 01:00:11.536 [Thread-0] Commander - Command "add" has been executed.
[INFO ] 2022-04-24 01:00:11.536 [Thread-0] Commander - Collection has been sorted.
[INFO ] 2022-04-24 01:00:11.677 [Thread-0] Commander - An object received from the user.
[INFO ] 2022-04-24 01:00:11.708 [Thread-0] Commander - A response was sent to the user.
[ERROR] 2022-04-24 01:00:11.708 [Thread-0] Commander - Error during command execution: 12
[INFO ] 2022-04-24 01:00:11.708 [Thread-0] Commander - Collection has been sorted.
[INFO ] 2022-04-24 01:00:14.253 [Thread-0] Commander - An object received from the user.
[INFO ] 2022-04-24 01:00:14.284 [Thread-0] Commander - Collection has been sorted.
[INFO ] 2022-04-24 01:00:24.866 [Thread-0] Commander - An object received from the user.
[INFO ] 2022-04-24 01:00:24.897 [Thread-0] Commander - Collection has been sorted.
[INFO ] 2022-04-24 01:00:47.816 [Thread-0] Commander - An object received from the user.
[INFO ] 2022-04-24 01:00:47.848 [Thread-0] Commander - A response was sent to the user.
[ERROR] 2022-04-24 01:00:47.848 [Thread-0] Commander - Error during command execution: logIn
[INFO ] 2022-04-24 01:00:47.848 [Thread-0] Commander - Collection has been sorted.
[INFO ] 2022-04-24 01:00:48.832 [Thread-0] Commander - An object received from the user.
[INFO ] 2022-04-24 01:00:48.848 [Thread-0] Commander - Collection has been sorted.
[INFO ] 2022-04-24 01:01:14.932 [main] Commander - Server is prepared.
[INFO ] 2022-04-24 01:01:15.291 [Thread-0] Commander - Collection has been sorted.
[INFO ] 2022-04-24 01:01:16.385 [Thread-0] Commander - An object received from the user.
[INFO ] 2022-04-24 01:01:16.432 [Thread-0] Commander - Collection has been sorted.
[INFO ] 2022-04-24 01:01:26.124 [Thread-0] Commander - An object received from the user.
[INFO ] 2022-04-24 01:01:26.155 [Thread-0] Commander - A response was sent to the user.
[INFO ] 2022-04-24 01:01:26.155 [Thread-0] Commander - Command "help" has been executed
[INFO ] 2022-04-24 01:01:26.155 [Thread-0] Commander - Collection has been sorted.
[INFO ] 2022-04-24 01:01:30.999 [Thread-0] Commander - An object received from the user.
[INFO ] 2022-04-24 01:01:31.046 [Thread-0] Commander - New route received. Name of received object: test
[INFO ] 2022-04-24 01:01:31.140 [Thread-0] Commander - A response was sent to the user.
[INFO ] 2022-04-24 01:01:31.140 [Thread-0] Commander - Route test has been added.
[INFO ] 2022-04-24 01:01:31.140 [Thread-0] Commander - Command "add" has been executed.
[INFO ] 2022-04-24 01:01:31.140 [Thread-0] Commander - Collection has been sorted.
[INFO ] 2022-04-24 01:01:33.640 [Thread-0] Commander - An object received from the user.
[INFO ] 2022-04-24 01:01:33.672 [Thread-0] Commander - Collection has been sorted.
[INFO ] 2022-04-24 01:04:50.517 [main] Commander - Server is prepared.
[INFO ] 2022-04-24 01:04:50.893 [Thread-0] Commander - Collection has been sorted.
[INFO ] 2022-04-24 01:04:53.549 [Thread-0] Commander - An object received from the user.
[INFO ] 2022-04-24 01:13:34.148 [main] Commander - Server is prepared.
[INFO ] 2022-04-24 01:13:34.540 [Thread-0] Commander - Collection has been sorted.
[INFO ] 2022-04-24 01:13:35.830 [Thread-0] Commander - An object received from the user.
[INFO ] 2022-04-24 01:13:35.879 [Thread-0] Commander - A response was sent to the user.
[ERROR] 2022-04-24 01:13:35.879 [Thread-0] Commander - Error during command execution: logIn
[INFO ] 2022-04-24 01:13:35.879 [Thread-0] Commander - Collection has been sorted.
[INFO ] 2022-04-24 01:13:36.970 [Thread-0] Commander - An object received from the user.
[INFO ] 2022-04-24 01:14:01.510 [main] Commander - Server is prepared.
[INFO ] 2022-04-24 01:14:01.910 [Thread-0] Commander - Collection has been sorted.
[INFO ] 2022-04-24 01:14:06.109 [Thread-0] Commander - An object received from the user.
[INFO ] 2022-04-24 01:14:06.160 [Thread-0] Commander - A response was sent to the user.
[ERROR] 2022-04-24 01:14:06.160 [Thread-0] Commander - Error during command execution: logIn
[INFO ] 2022-04-24 01:14:06.160 [Thread-0] Commander - Collection has been sorted.
[INFO ] 2022-04-24 01:14:08.130 [Thread-0] Commander - An object received from the user.
[INFO ] 2022-04-24 01:16:03.490 [main] Commander - Server is prepared.
[INFO ] 2022-04-24 01:16:04.325 [Thread-0] Commander - Collection has been sorted.
[INFO ] 2022-04-24 01:16:07.303 [Thread-0] Commander - An object received from the user.
[INFO ] 2022-04-24 01:16:07.358 [Thread-0] Commander - A response was sent to the user.
[ERROR] 2022-04-24 01:16:07.358 [Thread-0] Commander - Error during command execution: logIn
[INFO ] 2022-04-24 01:16:07.358 [Thread-0] Commander - Collection has been sorted.
[INFO ] 2022-04-24 01:16:09.295 [Thread-0] Commander - An object received from the user.
[INFO ] 2022-04-24 01:16:09.322 [Thread-0] Commander - A response was sent to the user.
[ERROR] 2022-04-24 01:16:09.322 [Thread-0] Commander - Command "show" doesn't have any arguments!
[INFO ] 2022-04-24 01:16:09.322 [Thread-0] Commander - A response was sent to the user.
[WARN ] 2022-04-24 01:16:09.322 [Thread-0] Commander - Show command doesn't have arguments!
[INFO ] 2022-04-24 01:16:09.322 [Thread-0] Commander - Command "show" has been executed.
[INFO ] 2022-04-24 01:16:09.322 [Thread-0] Commander - Collection has been sorted.
[INFO ] 2022-04-24 01:17:19.407 [main] Commander - Server is prepared.
[INFO ] 2022-04-24 01:17:19.814 [Thread-0] Commander - Collection has been sorted.
[INFO ] 2022-04-24 01:17:23.959 [Thread-0] Commander - An object received from the user.
[INFO ] 2022-04-24 01:17:24.009 [Thread-0] Commander - A response was sent to the user.
[ERROR] 2022-04-24 01:17:24.009 [Thread-0] Commander - Error during command execution: logIn
[INFO ] 2022-04-24 01:17:24.009 [Thread-0] Commander - Collection has been sorted.
[INFO ] 2022-04-24 01:17:25.080 [Thread-0] Commander - An object received from the user.
[INFO ] 2022-04-24 01:18:19.739 [main] Commander - Server is prepared.
[INFO ] 2022-04-24 01:18:20.140 [Thread-0] Commander - Collection has been sorted.
[INFO ] 2022-04-24 01:18:24.771 [Thread-0] Commander - An object received from the user.
[INFO ] 2022-04-24 01:18:24.909 [Thread-0] Commander - A response was sent to the user.
[ERROR] 2022-04-24 01:18:24.909 [Thread-0] Commander - Error during command execution: logIn
[INFO ] 2022-04-24 01:18:24.909 [Thread-0] Commander - Collection has been sorted.
[INFO ] 2022-04-24 01:18:26.199 [Thread-0] Commander - An object received from the user.
[INFO ] 2022-04-24 01:19:24.554 [main] Commander - Server is prepared.
[INFO ] 2022-04-24 01:19:24.940 [Thread-0] Commander - Collection has been sorted.
[INFO ] 2022-04-24 01:19:27.750 [Thread-0] Commander - An object received from the user.
[INFO ] 2022-04-24 01:19:27.799 [Thread-0] Commander - A response was sent to the user.
[ERROR] 2022-04-24 01:19:27.800 [Thread-0] Commander - Error during command execution: logIn
[INFO ] 2022-04-24 01:19:27.800 [Thread-0] Commander - Collection has been sorted.
[INFO ] 2022-04-24 01:19:29.601 [Thread-0] Commander - An object received from the user.
[INFO ] 2022-04-24 01:19:38.652 [main] Commander - Server is prepared.
[INFO ] 2022-04-24 01:19:39.030 [Thread-0] Commander - Collection has been sorted.
[INFO ] 2022-04-24 01:19:41.623 [Thread-0] Commander - An object received from the user.
[INFO ] 2022-04-24 01:19:41.670 [Thread-0] Commander - A response was sent to the user.
[ERROR] 2022-04-24 01:19:41.670 [Thread-0] Commander - Error during command execution: logIn
[INFO ] 2022-04-24 01:19:41.670 [Thread-0] Commander - Collection has been sorted.
[INFO ] 2022-04-24 01:19:43.665 [Thread-0] Commander - An object received from the user.
[INFO ] 2022-04-24 01:19:54.200 [main] Commander - Server is prepared.
[INFO ] 2022-04-24 01:19:54.579 [Thread-0] Commander - Collection has been sorted.
[INFO ] 2022-04-24 01:19:59.352 [Thread-0] Commander - An object received from the user.
[INFO ] 2022-04-24 01:19:59.399 [Thread-0] Commander - A response was sent to the user.
[ERROR] 2022-04-24 01:19:59.399 [Thread-0] Commander - Error during command execution: logIn
[INFO ] 2022-04-24 01:19:59.399 [Thread-0] Commander - Collection has been sorted.
[INFO ] 2022-04-24 01:20:00.339 [Thread-0] Commander - An object received from the user.
[INFO ] 2022-04-24 01:20:00.369 [Thread-0] Commander - A response was sent to the user.
[ERROR] 2022-04-24 01:20:00.369 [Thread-0] Commander - Command "show" doesn't have any arguments!
[INFO ] 2022-04-24 01:20:00.369 [Thread-0] Commander - A response was sent to the user.
[WARN ] 2022-04-24 01:20:00.369 [Thread-0] Commander - Show command doesn't have arguments!
[INFO ] 2022-04-24 01:20:00.369 [Thread-0] Commander - Command "show" has been executed.
[INFO ] 2022-04-24 01:20:00.369 [Thread-0] Commander - Collection has been sorted.
[INFO ] 2022-04-24 01:20:10.650 [main] Commander - Server is prepared.
[INFO ] 2022-04-24 01:20:11.041 [Thread-0] Commander - Collection has been sorted.
[INFO ] 2022-04-24 01:20:13.529 [Thread-0] Commander - An object received from the user.
[INFO ] 2022-04-24 01:20:13.579 [Thread-0] Commander - A response was sent to the user.
[ERROR] 2022-04-24 01:20:13.579 [Thread-0] Commander - Error during command execution: logIn
[INFO ] 2022-04-24 01:20:13.579 [Thread-0] Commander - Collection has been sorted.
[INFO ] 2022-04-24 01:20:15.620 [Thread-0] Commander - An object received from the user.
[ERROR] 2022-04-24 01:20:15.679 [Thread-0] Commander - An error during filling collection from database!
[INFO ] 2022-04-24 01:20:15.679 [Thread-0] Commander - A response was sent to the user.
[WARN ] 2022-04-24 01:20:15.679 [Thread-0] Commander - Collection is empty.
[INFO ] 2022-04-24 01:20:15.679 [Thread-0] Commander - Command "show" has been executed.
[INFO ] 2022-04-24 01:20:15.679 [Thread-0] Commander - Collection has been sorted.
[INFO ] 2022-04-24 01:20:42.460 [Thread-0] Commander - An object received from the user.
[INFO ] 2022-04-24 01:20:42.490 [Thread-0] Commander - New route received. Name of received object: test
[INFO ] 2022-04-24 01:20:42.589 [Thread-0] Commander - A response was sent to the user.
[INFO ] 2022-04-24 01:20:42.589 [Thread-0] Commander - Route test has been added.
[INFO ] 2022-04-24 01:20:42.589 [Thread-0] Commander - Command "add" has been executed.
[INFO ] 2022-04-24 01:20:42.589 [Thread-0] Commander - Collection has been sorted.
[INFO ] 2022-04-24 01:20:45.030 [Thread-0] Commander - An object received from the user.
[ERROR] 2022-04-24 01:20:45.089 [Thread-0] Commander - An error during filling collection from database!
[INFO ] 2022-04-24 01:20:45.099 [Thread-0] Commander - A response was sent to the user.
[INFO ] 2022-04-24 01:20:45.099 [Thread-0] Commander - Command "show" has been executed.
[INFO ] 2022-04-24 01:20:45.099 [Thread-0] Commander - Collection has been sorted.
[INFO ] 2022-04-24 01:21:11.449 [main] Commander - Server is prepared.
[INFO ] 2022-04-24 01:21:11.889 [Thread-0] Commander - Collection has been sorted.
[INFO ] 2022-04-24 01:21:14.540 [Thread-0] Commander - An object received from the user.
[INFO ] 2022-04-24 01:21:15.130 [Thread-0] Commander - A response was sent to the user.
[ERROR] 2022-04-24 01:21:15.130 [Thread-0] Commander - Error during command execution: logIn
[INFO ] 2022-04-24 01:21:15.130 [Thread-0] Commander - Collection has been sorted.
[INFO ] 2022-04-24 01:21:17.210 [Thread-0] Commander - An object received from the user.
[ERROR] 2022-04-24 01:21:17.280 [Thread-0] Commander - An error during filling collection from database!
[INFO ] 2022-04-24 01:21:17.280 [Thread-0] Commander - A response was sent to the user.
[WARN ] 2022-04-24 01:21:17.280 [Thread-0] Commander - Collection is empty.
[INFO ] 2022-04-24 01:21:17.280 [Thread-0] Commander - Command "show" has been executed.
[INFO ] 2022-04-24 01:21:17.280 [Thread-0] Commander - Collection has been sorted.
[INFO ] 2022-04-24 01:23:05.190 [main] Commander - Server is prepared.
[INFO ] 2022-04-24 01:23:05.570 [Thread-0] Commander - Collection has been sorted.
[INFO ] 2022-04-24 01:23:08.010 [Thread-0] Commander - An object received from the user.
[INFO ] 2022-04-24 01:23:08.059 [Thread-0] Commander - A response was sent to the user.
[ERROR] 2022-04-24 01:23:08.059 [Thread-0] Commander - Error during command execution: logIn
[INFO ] 2022-04-24 01:23:08.059 [Thread-0] Commander - Collection has been sorted.
[INFO ] 2022-04-24 01:23:09.149 [Thread-0] Commander - An object received from the user.
[ERROR] 2022-04-24 01:23:09.212 [Thread-0] Commander - An error during filling collection from database!
[INFO ] 2022-04-24 01:23:09.212 [Thread-0] Commander - A response was sent to the user.
[WARN ] 2022-04-24 01:23:09.212 [Thread-0] Commander - Collection is empty.
[INFO ] 2022-04-24 01:23:09.212 [Thread-0] Commander - Command "show" has been executed.
[INFO ] 2022-04-24 01:23:09.212 [Thread-0] Commander - Collection has been sorted.
[INFO ] 2022-04-24 01:23:16.690 [Thread-0] Commander - An object received from the user.
[INFO ] 2022-04-24 01:23:16.730 [Thread-0] Commander - New route received. Name of received object: test
[INFO ] 2022-04-24 01:23:16.819 [Thread-0] Commander - A response was sent to the user.
[INFO ] 2022-04-24 01:23:16.819 [Thread-0] Commander - Route test has been added.
[INFO ] 2022-04-24 01:23:16.819 [Thread-0] Commander - Command "add" has been executed.
[INFO ] 2022-04-24 01:23:16.819 [Thread-0] Commander - Collection has been sorted.
[INFO ] 2022-04-24 01:23:18.489 [Thread-0] Commander - An object received from the user.
[ERROR] 2022-04-24 01:23:18.540 [Thread-0] Commander - An error during filling collection from database!
[INFO ] 2022-04-24 01:23:18.550 [Thread-0] Commander - A response was sent to the user.
[INFO ] 2022-04-24 01:23:18.550 [Thread-0] Commander - Command "show" has been executed.
[INFO ] 2022-04-24 01:23:18.550 [Thread-0] Commander - Collection has been sorted.
[INFO ] 2022-04-24 01:23:35.909 [Thread-0] Commander - An object received from the user.
[ERROR] 2022-04-24 01:23:35.969 [Thread-0] Commander - An error during filling collection from database!
[INFO ] 2022-04-24 01:23:35.970 [Thread-0] Commander - A response was sent to the user.
[INFO ] 2022-04-24 01:23:35.970 [Thread-0] Commander - Command "show" has been executed.
[INFO ] 2022-04-24 01:23:35.970 [Thread-0] Commander - Collection has been sorted.
[INFO ] 2022-04-24 01:32:43.131 [main] Commander - Server is prepared.
[INFO ] 2022-04-24 01:32:43.639 [Thread-0] Commander - Collection has been sorted.
[INFO ] 2022-04-24 01:32:54.848 [Thread-0] Commander - An object received from the user.
[INFO ] 2022-04-24 01:32:54.897 [Thread-0] Commander - A response was sent to the user.
[ERROR] 2022-04-24 01:32:54.897 [Thread-0] Commander - Error during command execution: logIn
[INFO ] 2022-04-24 01:32:54.898 [Thread-0] Commander - Collection has been sorted.
[INFO ] 2022-04-24 01:32:58.638 [Thread-0] Commander - An object received from the user.
[ERROR] 2022-04-24 01:32:58.674 [Thread-0] Commander - An error during filling collection from database!
[INFO ] 2022-04-24 01:32:58.675 [Thread-0] Commander - A response was sent to the user.
[WARN ] 2022-04-24 01:32:58.675 [Thread-0] Commander - Collection is empty.
[INFO ] 2022-04-24 01:32:58.675 [Thread-0] Commander - Command "show" has been executed.
[INFO ] 2022-04-24 01:32:58.675 [Thread-0] Commander - Collection has been sorted.
[INFO ] 2022-04-24 01:33:04.414 [Thread-0] Commander - An object received from the user.
[INFO ] 2022-04-24 01:33:04.449 [Thread-0] Commander - New route received. Name of received object: test
[INFO ] 2022-04-24 01:33:04.559 [Thread-0] Commander - A response was sent to the user.
[INFO ] 2022-04-24 01:33:04.560 [Thread-0] Commander - Route test has been added.
[INFO ] 2022-04-24 01:33:04.560 [Thread-0] Commander - Command "add" has been executed.
[INFO ] 2022-04-24 01:33:04.560 [Thread-0] Commander - Collection has been sorted.
[INFO ] 2022-04-24 01:33:06.835 [Thread-0] Commander - An object received from the user.
[ERROR] 2022-04-24 01:33:06.863 [Thread-0] Commander - An error during filling collection from database!
[INFO ] 2022-04-24 01:33:06.872 [Thread-0] Commander - A response was sent to the user.
[INFO ] 2022-04-24 01:33:06.872 [Thread-0] Commander - Command "show" has been executed.
[INFO ] 2022-04-24 01:33:06.872 [Thread-0] Commander - Collection has been sorted.
[INFO ] 2022-04-24 01:34:51.757 [main] Commander - Server is prepared.
[INFO ] 2022-04-24 01:34:52.151 [Thread-0] Commander - Collection has been sorted.
[INFO ] 2022-04-24 01:34:55.744 [Thread-0] Commander - An object received from the user.
[ERROR] 2022-04-24 01:34:55.823 [Thread-0] Commander - An error during filling collection from database!
[INFO ] 2022-04-24 01:34:55.826 [Thread-0] Commander - A response was sent to the user.
[WARN ] 2022-04-24 01:34:55.826 [Thread-0] Commander - Collection is empty.
[INFO ] 2022-04-24 01:34:55.826 [Thread-0] Commander - Command "show" has been executed.
[INFO ] 2022-04-24 01:34:55.826 [Thread-0] Commander - Collection has been sorted.
[INFO ] 2022-04-24 01:35:04.596 [Thread-0] Commander - An object received from the user.
[INFO ] 2022-04-24 01:35:04.632 [Thread-0] Commander - New route received. Name of received object: test
[INFO ] 2022-04-24 01:35:04.747 [Thread-0] Commander - A response was sent to the user.
[INFO ] 2022-04-24 01:35:04.747 [Thread-0] Commander - Route test has been added.
[INFO ] 2022-04-24 01:35:04.747 [Thread-0] Commander - Command "add" has been executed.
[INFO ] 2022-04-24 01:35:04.748 [Thread-0] Commander - Collection has been sorted.
[INFO ] 2022-04-24 01:35:07.151 [Thread-0] Commander - An object received from the user.
[ERROR] 2022-04-24 01:35:07.204 [Thread-0] Commander - An error during filling collection from database!
[INFO ] 2022-04-24 01:35:07.215 [Thread-0] Commander - A response was sent to the user.
[INFO ] 2022-04-24 01:35:07.215 [Thread-0] Commander - Command "show" has been executed.
[INFO ] 2022-04-24 01:35:07.215 [Thread-0] Commander - Collection has been sorted.
[INFO ] 2022-04-24 01:37:11.969 [main] Commander - Server is prepared.
[INFO ] 2022-04-24 01:37:12.460 [Thread-0] Commander - Collection has been sorted.
[INFO ] 2022-04-24 01:37:23.910 [main] Commander - Server is prepared.
[INFO ] 2022-04-24 01:37:24.158 [Thread-0] Commander - Collection has been sorted.
[INFO ] 2022-04-24 01:37:27.191 [Thread-0] Commander - An object received from the user.
[INFO ] 2022-04-24 01:37:27.241 [Thread-0] Commander - A response was sent to the user.
[ERROR] 2022-04-24 01:37:27.242 [Thread-0] Commander - Error during command execution: logIn
[INFO ] 2022-04-24 01:37:27.242 [Thread-0] Commander - Collection has been sorted.
[INFO ] 2022-04-24 01:37:33.110 [Thread-0] Commander - An object received from the user.
[INFO ] 2022-04-24 01:37:33.143 [Thread-0] Commander - New route received. Name of received object: tester
[INFO ] 2022-04-24 01:37:33.264 [Thread-0] Commander - A response was sent to the user.
[INFO ] 2022-04-24 01:37:33.264 [Thread-0] Commander - Route tester has been added.
[INFO ] 2022-04-24 01:37:33.264 [Thread-0] Commander - Command "add" has been executed.
[INFO ] 2022-04-24 01:37:33.264 [Thread-0] Commander - Collection has been sorted.
[INFO ] 2022-04-24 01:37:36.093 [Thread-0] Commander - An object received from the user.
[ERROR] 2022-04-24 01:37:36.158 [Thread-0] Commander - An error during filling collection from database!
[INFO ] 2022-04-24 01:37:36.169 [Thread-0] Commander - A response was sent to the user.
[INFO ] 2022-04-24 01:37:36.169 [Thread-0] Commander - Command "show" has been executed.
[INFO ] 2022-04-24 01:37:36.170 [Thread-0] Commander - Collection has been sorted.
[INFO ] 2022-04-24 01:39:10.720 [main] Commander - Server is prepared.
[ERROR] 2022-04-24 01:39:10.989 [Thread-0] Commander - An error during filling collection from database!
[INFO ] 2022-04-24 01:39:10.991 [Thread-0] Commander - Collection has been sorted.
[INFO ] 2022-04-24 01:40:09.310 [main] Commander - Server is prepared.
[INFO ] 2022-04-24 01:40:10.647 [Thread-0] Commander - Collection has been sorted.
[INFO ] 2022-04-24 01:40:28.649 [main] Commander - Server is prepared.
[INFO ] 2022-04-24 01:40:28.920 [Thread-0] Commander - Collection has been sorted.
[INFO ] 2022-04-24 01:44:11.210 [main] Commander - Server is prepared.
[INFO ] 2022-04-24 01:44:11.682 [Thread-0] Commander - Collection has been sorted.
[INFO ] 2022-04-24 01:44:36.158 [Thread-0] Commander - An object received from the user.
[INFO ] 2022-04-24 01:44:36.245 [Thread-0] Commander - A response was sent to the user.
[WARN ] 2022-04-24 01:44:36.245 [Thread-0] Commander - Collection is empty.
[INFO ] 2022-04-24 01:44:36.245 [Thread-0] Commander - Command "show" has been executed.
[INFO ] 2022-04-24 01:44:36.245 [Thread-0] Commander - Collection has been sorted.
[INFO ] 2022-04-24 01:44:49.205 [Thread-0] Commander - An object received from the user.
[INFO ] 2022-04-24 01:44:49.280 [Thread-0] Commander - New route received. Name of received object: test
[INFO ] 2022-04-24 01:44:49.485 [Thread-0] Commander - A response was sent to the user.
[INFO ] 2022-04-24 01:44:49.486 [Thread-0] Commander - Route test has been added.
[INFO ] 2022-04-24 01:44:49.486 [Thread-0] Commander - Command "add" has been executed.
[INFO ] 2022-04-24 01:44:49.486 [Thread-0] Commander - Collection has been sorted.
[INFO ] 2022-04-24 01:44:51.159 [Thread-0] Commander - An object received from the user.
[INFO ] 2022-04-24 01:44:51.223 [Thread-0] Commander - A response was sent to the user.
[INFO ] 2022-04-24 01:44:51.224 [Thread-0] Commander - Command "show" has been executed.
[INFO ] 2022-04-24 01:44:51.224 [Thread-0] Commander - Collection has been sorted.
[INFO ] 2022-04-24 02:00:36.134 [main] Commander - Server is prepared.
[INFO ] 2022-04-24 02:00:36.334 [Thread-0] Commander - Collection has been sorted.
[INFO ] 2022-04-24 02:00:40.912 [Thread-0] Commander - An object received from the user.
[INFO ] 2022-04-24 02:00:40.954 [Thread-0] Commander - A response was sent to the user.
[ERROR] 2022-04-24 02:00:40.954 [Thread-0] Commander - Error during command execution: logIn
[INFO ] 2022-04-24 02:00:40.954 [Thread-0] Commander - Collection has been sorted.
[INFO ] 2022-04-24 02:00:42.088 [Thread-0] Commander - An object received from the user.
[INFO ] 2022-04-24 02:00:42.118 [Thread-0] Commander - A response was sent to the user.
[WARN ] 2022-04-24 02:00:42.118 [Thread-0] Commander - Collection is empty.
[INFO ] 2022-04-24 02:00:42.118 [Thread-0] Commander - Command "show" has been executed.
[INFO ] 2022-04-24 02:00:42.118 [Thread-0] Commander - Collection has been sorted.
[INFO ] 2022-04-24 02:01:15.036 [Thread-0] Commander - An object received from the user.
[INFO ] 2022-04-24 02:01:15.064 [Thread-0] Commander - A response was sent to the user.
[ERROR] 2022-04-24 02:01:15.064 [Thread-0] Commander - Error during command execution: logIn
[INFO ] 2022-04-24 02:01:15.064 [Thread-0] Commander - Collection has been sorted.
[INFO ] 2022-04-24 02:01:15.888 [Thread-0] Commander - An object received from the user.
[INFO ] 2022-04-24 02:01:15.916 [Thread-0] Commander - A response was sent to the user.
[WARN ] 2022-04-24 02:01:15.917 [Thread-0] Commander - Collection is empty.
[INFO ] 2022-04-24 02:01:15.917 [Thread-0] Commander - Command "show" has been executed.
[INFO ] 2022-04-24 02:01:15.917 [Thread-0] Commander - Collection has been sorted.
[INFO ] 2022-04-24 02:01:21.384 [Thread-0] Commander - An object received from the user.
[INFO ] 2022-04-24 02:01:21.573 [Thread-0] Commander - New route received. Name of received object: test
[INFO ] 2022-04-24 02:01:21.803 [Thread-0] Commander - A response was sent to the user.
[INFO ] 2022-04-24 02:01:21.804 [Thread-0] Commander - Route test has been added.
[INFO ] 2022-04-24 02:01:21.804 [Thread-0] Commander - Command "add" has been executed.
[INFO ] 2022-04-24 02:01:21.804 [Thread-0] Commander - Collection has been sorted.
[INFO ] 2022-04-24 02:01:23.338 [Thread-0] Commander - An object received from the user.
[INFO ] 2022-04-24 02:01:23.380 [Thread-0] Commander - A response was sent to the user.
[INFO ] 2022-04-24 02:01:23.380 [Thread-0] Commander - Command "show" has been executed.
[INFO ] 2022-04-24 02:01:23.380 [Thread-0] Commander - Collection has been sorted.
[INFO ] 2022-04-24 02:01:28.602 [Thread-0] Commander - An object received from the user.
[INFO ] 2022-04-24 02:01:28.632 [Thread-0] Commander - A response was sent to the user.
[INFO ] 2022-04-24 02:01:28.632 [Thread-0] Commander - Command "show" has been executed.
[INFO ] 2022-04-24 02:01:28.632 [Thread-0] Commander - Collection has been sorted.
[INFO ] 2022-04-24 02:01:31.207 [Thread-0] Commander - An object received from the user.
[INFO ] 2022-04-24 02:01:31.236 [Thread-0] Commander - A response was sent to the user.
[WARN ] 2022-04-24 02:01:31.236 [Thread-0] Commander - Clear command doesn't have arguments!
[INFO ] 2022-04-24 02:01:31.236 [Thread-0] Commander - Collection has been sorted.
[INFO ] 2022-04-24 02:01:32.654 [Thread-0] Commander - An object received from the user.
[INFO ] 2022-04-24 02:01:32.683 [Thread-0] Commander - A response was sent to the user.
[INFO ] 2022-04-24 02:01:32.683 [Thread-0] Commander - Command "show" has been executed.
[INFO ] 2022-04-24 02:01:32.683 [Thread-0] Commander - Collection has been sorted.
[INFO ] 2022-04-24 02:02:40.104 [main] Commander - Server is prepared.
[INFO ] 2022-04-24 02:03:01.427 [main] Commander - Server is prepared.
[INFO ] 2022-04-24 02:03:06.858 [Thread-0] Commander - An object received from the user.
[INFO ] 2022-04-24 02:03:06.919 [Thread-0] Commander - A response was sent to the user.
[ERROR] 2022-04-24 02:03:06.919 [Thread-0] Commander - Error during command execution: logIn
[INFO ] 2022-04-24 02:03:06.968 [Thread-0] Commander - Collection has been sorted.
[INFO ] 2022-04-24 02:03:09.321 [Thread-0] Commander - An object received from the user.
[INFO ] 2022-04-24 02:03:09.360 [Thread-0] Commander - A response was sent to the user.
[INFO ] 2022-04-24 02:03:09.361 [Thread-0] Commander - Command "show" has been executed.
[INFO ] 2022-04-24 02:03:09.361 [Thread-0] Commander - Collection has been sorted.
[INFO ] 2022-04-24 02:04:30.364 [Thread-0] Commander - An object received from the user.
[INFO ] 2022-04-24 02:04:30.475 [Thread-0] Commander - A response was sent to the user.
[INFO ] 2022-04-24 02:04:30.475 [Thread-0] Commander - Collection has been sorted.
[INFO ] 2022-04-24 02:04:34.193 [Thread-0] Commander - An object received from the user.
[INFO ] 2022-04-24 02:04:34.260 [Thread-0] Commander - A response was sent to the user.
[INFO ] 2022-04-24 02:04:34.261 [Thread-0] Commander - A response was sent to the user.
[INFO ] 2022-04-24 02:04:34.261 [Thread-0] Commander - Collection has been sorted.
[INFO ] 2022-04-24 02:04:35.617 [Thread-0] Commander - An object received from the user.
[INFO ] 2022-04-24 02:04:35.648 [Thread-0] Commander - A response was sent to the user.
[INFO ] 2022-04-24 02:04:35.648 [Thread-0] Commander - Command "show" has been executed.
[INFO ] 2022-04-24 02:04:35.648 [Thread-0] Commander - Collection has been sorted.
[INFO ] 2022-04-24 02:10:23.268 [main] Commander - Server is prepared.
[INFO ] 2022-04-24 02:10:56.363 [main] Commander - Server is prepared.
[INFO ] 2022-04-24 02:11:09.736 [main] Commander - Server is prepared.
[INFO ] 2022-04-24 02:11:19.229 [Thread-0] Commander - An object received from the user.
[INFO ] 2022-04-24 02:11:19.272 [Thread-0] Commander - A response was sent to the user.
[ERROR] 2022-04-24 02:11:19.282 [Thread-0] Commander - Error during command execution: logIn
[INFO ] 2022-04-24 02:11:19.304 [Thread-0] Commander - Collection has been sorted.
[INFO ] 2022-04-24 02:11:21.363 [Thread-0] Commander - An object received from the user.
[INFO ] 2022-04-24 02:11:21.394 [Thread-0] Commander - A response was sent to the user.
[WARN ] 2022-04-24 02:11:21.394 [Thread-0] Commander - Collection is empty.
[INFO ] 2022-04-24 02:11:21.394 [Thread-0] Commander - Command "show" has been executed.
[INFO ] 2022-04-24 02:11:21.394 [Thread-0] Commander - Collection has been sorted.
[INFO ] 2022-04-24 02:11:26.909 [main] Commander - Server is prepared.
[INFO ] 2022-04-24 02:11:29.296 [Thread-0] Commander - An object received from the user.
[INFO ] 2022-04-24 02:11:29.359 [Thread-0] Commander - A response was sent to the user.
[ERROR] 2022-04-24 02:11:29.359 [Thread-0] Commander - Error during command execution: logIn
[INFO ] 2022-04-24 02:11:29.390 [Thread-0] Commander - Collection has been sorted.
[INFO ] 2022-04-24 02:11:30.494 [Thread-0] Commander - An object received from the user.
[INFO ] 2022-04-24 02:11:30.526 [Thread-0] Commander - A response was sent to the user.
[INFO ] 2022-04-24 02:11:30.526 [Thread-0] Commander - Command "show" has been executed.
[INFO ] 2022-04-24 02:11:30.526 [Thread-0] Commander - Collection has been sorted.
[INFO ] 2022-04-24 02:11:45.193 [Thread-0] Commander - An object received from the user.
[INFO ] 2022-04-24 02:11:45.209 [Thread-0] Commander - A response was sent to the user.
[WARN ] 2022-04-24 02:11:45.209 [Thread-0] Commander - Clear command doesn't have arguments!
[INFO ] 2022-04-24 02:11:45.209 [Thread-0] Commander - Collection has been sorted.
[INFO ] 2022-04-24 02:11:56.739 [Thread-0] Commander - An object received from the user.
[INFO ] 2022-04-24 02:11:56.770 [Thread-0] Commander - New route received. Name of received object: test
[INFO ] 2022-04-24 02:11:56.879 [Thread-0] Commander - A response was sent to the user.
[INFO ] 2022-04-24 02:11:56.879 [Thread-0] Commander - Route test has been added.
[INFO ] 2022-04-24 02:11:56.879 [Thread-0] Commander - Command "add" has been executed.
[INFO ] 2022-04-24 02:11:56.879 [Thread-0] Commander - Collection has been sorted.
[INFO ] 2022-04-24 02:12:02.567 [Thread-0] Commander - An object received from the user.
[INFO ] 2022-04-24 02:12:02.598 [Thread-0] Commander - New route received. Name of received object: test
[INFO ] 2022-04-24 02:12:02.707 [Thread-0] Commander - A response was sent to the user.
[INFO ] 2022-04-24 02:12:02.707 [Thread-0] Commander - Route test has been added.
[INFO ] 2022-04-24 02:12:02.707 [Thread-0] Commander - Command "add" has been executed.
[INFO ] 2022-04-24 02:12:02.707 [Thread-0] Commander - Collection has been sorted.
[INFO ] 2022-04-24 02:12:05.411 [Thread-0] Commander - An object received from the user.
[INFO ] 2022-04-24 02:12:05.442 [Thread-0] Commander - A response was sent to the user.
[INFO ] 2022-04-24 02:12:05.442 [Thread-0] Commander - Command "show" has been executed.
[INFO ] 2022-04-24 02:12:05.442 [Thread-0] Commander - Collection has been sorted.
[INFO ] 2022-04-24 02:18:10.821 [main] Commander - Server is prepared.
[INFO ] 2022-04-24 02:18:14.201 [Thread-0] Commander - An object received from the user.
[INFO ] 2022-04-24 02:18:14.246 [Thread-0] Commander - A response was sent to the user.
[ERROR] 2022-04-24 02:18:14.246 [Thread-0] Commander - Error during command execution: logIn
[INFO ] 2022-04-24 02:18:14.293 [Thread-0] Commander - Collection has been sorted.
[INFO ] 2022-04-24 02:18:16.368 [Thread-0] Commander - An object received from the user.
[INFO ] 2022-04-24 02:18:16.415 [Thread-0] Commander - A response was sent to the user.
[INFO ] 2022-04-24 02:18:16.415 [Thread-0] Commander - Command "show" has been executed.
[INFO ] 2022-04-24 02:18:16.415 [Thread-0] Commander - Collection has been sorted.
[INFO ] 2022-04-24 02:18:27.330 [Thread-0] Commander - An object received from the user.
[INFO ] 2022-04-24 02:18:27.361 [Thread-0] Commander - New route received. Name of received object: test
[INFO ] 2022-04-24 02:18:27.471 [Thread-0] Commander - A response was sent to the user.
[INFO ] 2022-04-24 02:18:27.471 [Thread-0] Commander - Route test has been added.
[INFO ] 2022-04-24 02:18:27.471 [Thread-0] Commander - Command "add" has been executed.
[INFO ] 2022-04-24 02:18:27.471 [Thread-0] Commander - Collection has been sorted.
[INFO ] 2022-04-24 02:18:34.455 [Thread-0] Commander - An object received from the user.
[INFO ] 2022-04-24 02:18:34.487 [Thread-0] Commander - New route received. Name of received object: tseti
[INFO ] 2022-04-24 02:18:34.580 [Thread-0] Commander - A response was sent to the user.
[INFO ] 2022-04-24 02:18:34.580 [Thread-0] Commander - Route tseti has been added.
[INFO ] 2022-04-24 02:18:34.580 [Thread-0] Commander - Command "add" has been executed.
[INFO ] 2022-04-24 02:18:34.580 [Thread-0] Commander - Collection has been sorted.
[INFO ] 2022-04-24 13:44:07.586 [main] Commander - Server is prepared.
[INFO ] 2022-04-24 14:50:13.878 [main] Commander - Server is prepared.
[INFO ] 2022-04-24 14:50:14.412 [Thread-0] Commander - An object received from the user.
[INFO ] 2022-04-24 14:50:55.142 [main] Commander - Server is prepared.
[INFO ] 2022-04-24 14:51:03.163 [Thread-0] Commander - An object received from the user.
[INFO ] 2022-04-24 14:51:03.376 [Thread-0] Commander - A response was sent to the user.
[ERROR] 2022-04-24 14:51:03.377 [Thread-0] Commander - Error during command execution: logIn
[INFO ] 2022-04-24 14:51:03.497 [Thread-0] Commander - Collection has been sorted.
[INFO ] 2022-04-24 14:51:09.343 [Thread-0] Commander - An object received from the user.
[INFO ] 2022-04-24 14:51:09.511 [Thread-0] Commander - A response was sent to the user.
[ERROR] 2022-04-24 14:51:09.511 [Thread-0] Commander - Error during command execution: logIn
[INFO ] 2022-04-24 14:51:14.903 [Thread-0] Commander - An object received from the user.
[INFO ] 2022-04-24 14:51:15.046 [Thread-0] Commander - A response was sent to the user.
[INFO ] 2022-04-24 14:51:15.046 [Thread-0] Commander - Command "help" has been executed
[INFO ] 2022-04-24 14:51:16.677 [Thread-0] Commander - An object received from the user.
[INFO ] 2022-04-24 14:51:16.784 [Thread-0] Commander - A response was sent to the user.
[INFO ] 2022-04-24 14:51:16.784 [Thread-0] Commander - Command "help" has been executed
[INFO ] 2022-04-24 14:51:19.668 [Thread-0] Commander - An object received from the user.
[INFO ] 2022-04-24 14:51:19.872 [Thread-0] Commander - A response was sent to the user.
[INFO ] 2022-04-24 14:51:19.872 [Thread-0] Commander - Command "show" has been executed.
[INFO ] 2022-04-24 14:51:23.626 [Thread-0] Commander - An object received from the user.
[INFO ] 2022-04-24 14:51:23.747 [Thread-0] Commander - A response was sent to the user.
[ERROR] 2022-04-24 14:51:23.747 [Thread-0] Commander - Error during command execution: dhow
[INFO ] 2022-04-24 14:51:25.038 [Thread-0] Commander - An object received from the user.
[INFO ] 2022-04-24 14:51:25.142 [Thread-0] Commander - A response was sent to the user.
[INFO ] 2022-04-24 14:51:25.142 [Thread-0] Commander - Command "show" has been executed.
[INFO ] 2022-04-24 14:51:25.880 [Thread-0] Commander - An object received from the user.
[INFO ] 2022-04-24 14:51:25.908 [Thread-0] Commander - A response was sent to the user.
[INFO ] 2022-04-24 14:51:25.909 [Thread-0] Commander - Command "help" has been executed
[INFO ] 2022-04-24 14:51:28.180 [Thread-0] Commander - An object received from the user.
[INFO ] 2022-04-24 14:51:28.209 [Thread-0] Commander - A response was sent to the user.
[ERROR] 2022-04-24 14:51:28.209 [Thread-0] Commander - Error during command execution: shelo
[INFO ] 2022-04-24 14:51:29.408 [Thread-0] Commander - An object received from the user.
[INFO ] 2022-04-24 14:51:29.583 [Thread-0] Commander - A response was sent to the user.
[ERROR] 2022-04-24 14:51:29.583 [Thread-0] Commander - Error during command execution: sho
[INFO ] 2022-04-24 15:04:27.147 [main] Commander - Server is prepared.
[INFO ] 2022-04-24 15:04:27.520 [Thread-0] Commander - An object received from the user.
[ERROR] 2022-04-24 18:43:29.638 [pool-3-thread-1] Commander - Error during command execution: logIn
[ERROR] 2022-04-24 18:45:40.038 [pool-5-thread-1] Commander - Error during command execution: logIn
[ERROR] 2022-04-24 19:07:08.584 [pool-6-thread-1] Commander - Error during command execution: logIn
[ERROR] 2022-04-24 19:07:37.024 [pool-8-thread-1] Commander - Error during command execution: logIn
[ERROR] 2022-04-24 19:13:19.435 [pool-6-thread-1] Commander - Error during command execution: logIn
[ERROR] 2022-04-24 19:16:45.950 [pool-4-thread-1] Commander - Error during command execution: logIn
[ERROR] 2022-04-24 19:16:56.780 [pool-8-thread-1] Commander - Error during command execution: logIn
[ERROR] 2022-04-24 19:17:16.442 [pool-6-thread-1] Commander - Error during command execution: logIn
[ERROR] 2022-04-24 19:18:53.723 [pool-4-thread-1] Commander - Error during command execution: logIn
[ERROR] 2022-04-24 19:19:03.010 [pool-8-thread-1] Commander - Error during command execution: logIn
[ERROR] 2022-04-24 19:19:11.926 [pool-6-thread-1] Commander - Error during command execution: logIn
[ERROR] 2022-04-24 19:19:28.883 [pool-4-thread-1] Commander - Error during command execution: logIn
[ERROR] 2022-04-24 19:19:38.370 [pool-4-thread-1] Commander - Error during command execution: logIn
[ERROR] 2022-04-24 19:19:49.818 [pool-6-thread-1] Commander - Error during command execution: logIn
[ERROR] 2022-04-24 19:20:42.815 [pool-4-thread-1] Commander - Error during command execution: logIn
[ERROR] 2022-04-24 19:21:20.444 [pool-8-thread-1] Commander - Error during command execution: logIn
[ERROR] 2022-04-24 19:22:49.555 [pool-4-thread-1] Commander - Error during command execution: logIn
[ERROR] 2022-04-24 19:23:52.791 [pool-4-thread-1] Commander - Error during command execution: logIn
[ERROR] 2022-04-24 19:40:07.552 [pool-4-thread-1] Commander - Error during command execution: logIn
[ERROR] 2022-04-24 19:40:16.793 [pool-4-thread-1] Commander - Error during command execution: logIn
[ERROR] 2022-04-24 19:40:34.315 [pool-6-thread-1] Commander - Error during command execution: logIn
[ERROR] 2022-04-24 19:40:50.105 [pool-6-thread-1] Commander - Error during command execution: logIn
[ERROR] 2022-04-24 19:42:41.645 [pool-8-thread-1] Commander - Error during command execution: logIn
[ERROR] 2022-04-24 19:44:46.916 [pool-4-thread-1] Commander - Error during command execution: logIn
[ERROR] 2022-04-24 19:51:50.133 [pool-4-thread-1] Commander - Error during command execution: logIn
[ERROR] 2022-04-24 19:52:54.805 [pool-10-thread-1] Commander - Error during command execution: logIn
[ERROR] 2022-04-24 19:53:26.564 [pool-8-thread-2] Commander - Error during command execution: рудз
[ERROR] 2022-04-24 19:54:20.196 [pool-4-thread-1] Commander - Error during command execution: logIn
[ERROR] 2022-04-24 19:54:57.228 [pool-4-thread-1] Commander - Error during command execution: logIn
[ERROR] 2022-04-24 19:56:40.189 [pool-4-thread-1] Commander - Error during command execution: logIn
[ERROR] 2022-04-24 19:57:55.929 [pool-4-thread-1] Commander - Error during command execution: logIn
[ERROR] 2022-04-24 20:03:34.241 [pool-6-thread-1] Commander - Error during command execution: logIn
[INFO ] 2022-04-24 20:03:41.901 [pool-6-thread-1] Commander - Command "help" has been executed
[ERROR] 2022-04-24 20:04:53.311 [pool-6-thread-1] Commander - Error during command execution: logIn
[INFO ] 2022-04-24 20:05:15.647 [pool-6-thread-1] Commander - Command "help" has been executed
[ERROR] 2022-04-24 20:17:54.426 [pool-6-thread-1] Commander - Error during command execution: logIn
[ERROR] 2022-04-24 20:29:23.462 [pool-6-thread-1] Commander - Error during command execution: logIn
[ERROR] 2022-04-24 21:01:19.779 [pool-10-thread-1] Commander - Error during command execution: logIn
[INFO ] 2022-04-24 21:01:23.589 [pool-6-thread-1] Commander - Command "help" has been executed
[ERROR] 2022-04-24 21:11:32.498 [pool-10-thread-1] Commander - Error during command execution: logIn
[ERROR] 2022-04-24 21:12:41.845 [pool-6-thread-1] Commander - Error during command execution: logIn
[ERROR] 2022-04-24 21:12:49.976 [pool-6-thread-1] Commander - Error during command execution: 
[ERROR] 2022-04-24 21:15:31.445 [pool-6-thread-1] Commander - Error during command execution: logIn
[ERROR] 2022-04-24 21:16:48.273 [pool-6-thread-2] Commander - Error during command execution: logIn
[ERROR] 2022-04-24 21:16:59.504 [pool-16-thread-1] Commander - Error during command execution: logIn
[ERROR] 2022-04-24 21:17:45.652 [pool-6-thread-1] Commander - Error during command execution: logIn
[ERROR] 2022-04-24 21:19:18.782 [pool-6-thread-1] Commander - Error during command execution: logIn
[ERROR] 2022-04-24 21:19:38.994 [pool-10-thread-1] Commander - Error during command execution: logIn
[ERROR] 2022-04-24 21:19:39.220 [pool-6-thread-1] Commander - Error during command execution: logIn
[ERROR] 2022-04-24 21:20:10.949 [pool-10-thread-1] Commander - Error during command execution: logIn
[ERROR] 2022-04-24 21:20:24.326 [pool-6-thread-1] Commander - Error during command execution: logIn
[ERROR] 2022-04-24 21:20:27.305 [pool-10-thread-1] Commander - Error during command execution: logIn
[ERROR] 2022-04-24 21:36:18.503 [pool-6-thread-1] Commander - Error during command execution: logIn
[ERROR] 2022-04-24 21:44:49.962 [pool-6-thread-1] Commander - Error during command execution: logIn
[ERROR] 2022-04-24 21:45:18.830 [pool-6-thread-1] Commander - Error during command execution: logIn
[ERROR] 2022-04-24 21:45:48.347 [pool-6-thread-1] Commander - Error during command execution: logIn
[ERROR] 2022-04-24 21:48:03.728 [pool-6-thread-1] Commander - Error during command execution: logIn
[ERROR] 2022-04-24 21:51:32.038 [pool-6-thread-1] Commander - Error during command execution: logIn
[ERROR] 2022-04-24 23:37:18.185 [pool-4-thread-1] Commander - Error during command execution: logIn
[ERROR] 2022-04-24 23:37:21.895 [pool-4-thread-1] Commander - Error during command execution: a
[ERROR] 2022-04-24 23:37:22.942 [pool-4-thread-1] Commander - Error during command execution: s
[ERROR] 2022-04-24 23:37:23.973 [pool-4-thread-1] Commander - Error during command execution: a
[ERROR] 2022-04-24 23:37:36.982 [pool-4-thread-1] Commander - Error during command execution: logIn
[ERROR] 2022-04-24 23:37:38.310 [pool-4-thread-1] Commander - Error during command execution: a
[ERROR] 2022-04-24 23:37:38.779 [pool-4-thread-1] Commander - Error during command execution: s
[ERROR] 2022-04-24 23:37:43.468 [pool-4-thread-1] Commander - Error during command execution: s
[ERROR] 2022-04-24 23:45:57.533 [pool-4-thread-1] Commander - Error during command execution: logIn
[ERROR] 2022-04-24 23:48:38.446 [pool-3-thread-1] Commander - Error during command execution: руд
[INFO ] 2022-04-24 23:48:40.301 [pool-3-thread-1] Commander - Command "help" has been executed
[INFO ] 2022-04-24 23:48:45.528 [pool-3-thread-1] Commander - Command "help" has been executed
